Library version: 3.0.0.118
Number of cameras detected: 4
Running example for camera ...
*** DEVICE INFORMATION ***

DeviceID: 00B09D1393EE_C3A8C865_FFFFFF00_C3A8C801
DeviceSerialNumber: 18060270
DeviceUserID: 
DeviceVendorName: Point Grey Research
DeviceModelName: Blackfly BFLY-PGE-20E4C
DeviceVersion: FW:v1.43.3.01 FPGA:v2.02
DeviceBootloaderVersion: Node not readable
DeviceType: GigEVision
DeviceDisplayName: Point Grey Research
DeviceAccessStatus: OpenReadOnly
DeviceLinkSpeed: 1000
DeviceDriverVersion: none : 0.0.0.0
DeviceIsUpdater: 0
GenICamXMLLocation: Device
GenICamXMLPath: 
GUIXMLLocation: Device
GUIXMLPath: Input.xml
GevCCP: OpenAccess
GevDeviceMACAddress: 0xb09d1393ee
GevDeviceIPAddress: 0xc3a8c865
GevDeviceSubnetMask: 0xffffff00
GevDeviceGateway: 0xc3a8c801
GevVersionMajor: 1
GevVersionMinor: 2
GevDeviceModeIsBigEndian: 0
GevDeviceReadAndWriteTimeout: 100000
GevDeviceMaximumRetryCount: 3
GevDevicePort: 0
GevDeviceDiscoverMaximumPacketSize: Node not readable
GevDeviceMaximumPacketSize: 576
GevDeviceIsWrongSubnet: 0
GevDeviceAutoForceIP: 0
GevDeviceForceIP: 0
GevDeviceForceIPAddress: 0
GevDeviceForceSubnetMask: 0
GevDeviceForceGateway: 0
*** CONFIGURING TRIGGER ***

Note that if the application / user software triggers faster than frame time, the trigger may be dropped / skipped by the camera.

If several frames are needed per trigger, a more reliable alternative for such case, is to use the multi-frame mode.


Hardware trigger chose ...
Trigger mode disabled...
Trigger selector set to frame start...
Trigger source set to hardware...
Trigger mode turned back on...

*** CONFIGURING CHUNK DATA ***

Chunk mode activated...
Enabling entries...
	 CRC: enabled
	 FrameCounter: enabled
	 OffsetX: enabled
	 OffsetY: enabled
	 Width: enabled
	 Height: enabled
	 ExposureTime: enabled
	 Gain: enabled
	 BlackLevel: enabled
	 PixelFormat: enabled
	 DynamicPixelRangeMin: enabled
	 DynamicPixelRangeMax: enabled
	 Timestamp: enabled
*** IMAGE ACQUISITION ***

Acquisition mode set to continuous...
Acquiring images...
Device serial number retrieved as 18060270...
Use the hardware to trigger image acquisition.
Grabbed Image 0, width = 1600, height = 1200
Printing chunk data from image...
<class 'PySpin.ImagePtr'>
	Exposure time: 11372.387409210205
	Timestamp: 364440746815
1674519057302726179
	 Error in Chunk and Sys: 1674516141776751659
	Width: 1600
Use the hardware to trigger image acquisition.
Grabbed Image 1, width = 1600, height = 1200
Printing chunk data from image...
<class 'PySpin.ImagePtr'>
	Exposure time: 12616.217136383057
	Timestamp: 364448275537
1674519057357467934
	 Error in Chunk and Sys: 1674516141771263638
	Width: 1600
Use the hardware to trigger image acquisition.
Grabbed Image 2, width = 1600, height = 1200
Printing chunk data from image...
<class 'PySpin.ImagePtr'>
	Exposure time: 12050.807476043701
	Timestamp: 364455974461
1674519057417938957
	 Error in Chunk and Sys: 1674516141770143269
	Width: 1600
Use the hardware to trigger image acquisition.
Grabbed Image 3, width = 1600, height = 1200
Printing chunk data from image...
<class 'PySpin.ImagePtr'>
	Exposure time: 11760.056018829346
	Timestamp: 364463446878
1674519057506182072
	 Error in Chunk and Sys: 1674516141798607048
	Width: 1600
Use the hardware to trigger image acquisition.
Grabbed Image 4, width = 1600, height = 1200
Printing chunk data from image...
<class 'PySpin.ImagePtr'>
	Exposure time: 12486.99426651001
	Timestamp: 364470954208
1674519057544836143
	 Error in Chunk and Sys: 1674516141777202479
	Width: 1600
Use the hardware to trigger image acquisition.
Grabbed Image 5, width = 1600, height = 1200
Printing chunk data from image...
<class 'PySpin.ImagePtr'>
	Exposure time: 12664.67571258545
	Timestamp: 364478587198
1674519057621989953
	 Error in Chunk and Sys: 1674516141793292369
	Width: 1600
Use the hardware to trigger image acquisition.
Grabbed Image 6, width = 1600, height = 1200
Printing chunk data from image...
<class 'PySpin.ImagePtr'>
	Exposure time: 11711.597442626953
	Timestamp: 364486152221
1674519057657438768
	 Error in Chunk and Sys: 1674516141768221000
	Width: 1600
Use the hardware to trigger image acquisition.
Grabbed Image 7, width = 1600, height = 1200
Printing chunk data from image...
<class 'PySpin.ImagePtr'>
	Exposure time: 11663.13886642456
	Timestamp: 364493576344
1674519057735148249
	 Error in Chunk and Sys: 1674516141786537497
	Width: 1600
Use the hardware to trigger image acquisition.
Grabbed Image 8, width = 1600, height = 1200
Printing chunk data from image...
<class 'PySpin.ImagePtr'>
	Exposure time: 12309.31282043457
	Timestamp: 364501113321
1674519057777839107
	 Error in Chunk and Sys: 1674516141768932539
	Width: 1600
Use the hardware to trigger image acquisition.
Grabbed Image 9, width = 1600, height = 1200
Printing chunk data from image...
<class 'PySpin.ImagePtr'>
	Exposure time: 12519.299983978271
	Timestamp: 364508736740
1674519057838540383
	 Error in Chunk and Sys: 1674516141768646463
	Width: 1600
Use the hardware to trigger image acquisition.
Grabbed Image 10, width = 1600, height = 1200
Printing chunk data from image...
<class 'PySpin.ImagePtr'>
	Exposure time: 11711.597442626953
	Timestamp: 364516304834
1674519057899617108
	 Error in Chunk and Sys: 1674516141769178436
	Width: 1600
Use the hardware to trigger image acquisition.
Grabbed Image 11, width = 1600, height = 1200
Printing chunk data from image...
<class 'PySpin.ImagePtr'>
	Exposure time: 11517.763137817383
	Timestamp: 364523746775
1674519057960064567
	 Error in Chunk and Sys: 1674516141770090367
	Width: 1600
Use the hardware to trigger image acquisition.
Grabbed Image 12, width = 1600, height = 1200
Printing chunk data from image...
<class 'PySpin.ImagePtr'>
	Exposure time: 11921.584606170654
	Timestamp: 364531265675
1674519058019452843
	 Error in Chunk and Sys: 1674516141769327443
	Width: 1600
Use the hardware to trigger image acquisition.
Grabbed Image 13, width = 1600, height = 1200
Printing chunk data from image...
<class 'PySpin.ImagePtr'>
	Exposure time: 12406.229972839355
	Timestamp: 364538858718
1674519058087661151
	 Error in Chunk and Sys: 1674516141776791407
	Width: 1600
Use the hardware to trigger image acquisition.
Grabbed Image 14, width = 1600, height = 1200
Printing chunk data from image...
<class 'PySpin.ImagePtr'>
	Exposure time: 11953.890323638916
	Timestamp: 364546461995
1674519058139944327
	 Error in Chunk and Sys: 1674516141768248367
	Width: 1600
Use the hardware to trigger image acquisition.
Grabbed Image 15, width = 1600, height = 1200
Printing chunk data from image...
<class 'PySpin.ImagePtr'>
	Exposure time: 11372.387409210205
	Timestamp: 364553947443
1674519058201061348
	 Error in Chunk and Sys: 1674516141769481804
	Width: 1600
Use the hardware to trigger image acquisition.
Grabbed Image 16, width = 1600, height = 1200
Printing chunk data from image...
<class 'PySpin.ImagePtr'>
	Exposure time: 11905.431747436523
	Timestamp: 364561417724
1674519058260843197
	 Error in Chunk and Sys: 1674516141769501405
	Width: 1600
Use the hardware to trigger image acquisition.
Grabbed Image 17, width = 1600, height = 1200
Printing chunk data from image...
<class 'PySpin.ImagePtr'>
	Exposure time: 12551.605701446533
	Timestamp: 364569027394
1674519058320403302
	 Error in Chunk and Sys: 1674516141768184150
	Width: 1600
Use the hardware to trigger image acquisition.
Grabbed Image 18, width = 1600, height = 1200
Printing chunk data from image...
<class 'PySpin.ImagePtr'>
	Exposure time: 11937.737464904785
	Timestamp: 364576650634
1674519058381472643
	 Error in Chunk and Sys: 1674516141768267571
	Width: 1600
Use the hardware to trigger image acquisition.
Grabbed Image 19, width = 1600, height = 1200
Printing chunk data from image...
<class 'PySpin.ImagePtr'>
	Exposure time: 11372.387409210205
	Timestamp: 364584116287
1674519058442446292
	 Error in Chunk and Sys: 1674516141769515996
	Width: 1600
Use the hardware to trigger image acquisition.
Grabbed Image 20, width = 1600, height = 1200
Printing chunk data from image...
<class 'PySpin.ImagePtr'>
	Exposure time: 11953.890323638916
	Timestamp: 364591587620
1674519058502156610
	 Error in Chunk and Sys: 1674516141769455650
	Width: 1600
Use the hardware to trigger image acquisition.
Grabbed Image 21, width = 1600, height = 1200
Printing chunk data from image...
<class 'PySpin.ImagePtr'>
	Exposure time: 12503.14712524414
	Timestamp: 364599203211
1674519058561736380
	 Error in Chunk and Sys: 1674516141768110692
	Width: 1600
Use the hardware to trigger image acquisition.
Grabbed Image 22, width = 1600, height = 1200
Printing chunk data from image...
<class 'PySpin.ImagePtr'>
	Exposure time: 12115.478515625
	Timestamp: 364606814290
1674519058622845657
	 Error in Chunk and Sys: 1674516141768331337
	Width: 1600
Use the hardware to trigger image acquisition.
Grabbed Image 23, width = 1600, height = 1200
Printing chunk data from image...
<class 'PySpin.ImagePtr'>
	Exposure time: 11469.30456161499
	Timestamp: 364614308278
1674519058683876872
	 Error in Chunk and Sys: 1674516141769410648
	Width: 1600
Use the hardware to trigger image acquisition.
Grabbed Image 24, width = 1600, height = 1200
Printing chunk data from image...
<class 'PySpin.ImagePtr'>
	Exposure time: 11695.444583892822
	Timestamp: 364621770350
1674519058744146017
	 Error in Chunk and Sys: 1674516141769983217
	Width: 1600
Use the hardware to trigger image acquisition.
Grabbed Image 25, width = 1600, height = 1200
Printing chunk data from image...
<class 'PySpin.ImagePtr'>
	Exposure time: 12309.31282043457
	Timestamp: 364629341384
1674519058803656375
	 Error in Chunk and Sys: 1674516141768925303
	Width: 1600
Use the hardware to trigger image acquisition.
Grabbed Image 26, width = 1600, height = 1200
Printing chunk data from image...
<class 'PySpin.ImagePtr'>
	Exposure time: 12325.465679168701
	Timestamp: 364636960789
1674519058864474510
	 Error in Chunk and Sys: 1674516141768788198
	Width: 1600
Use the hardware to trigger image acquisition.
Grabbed Image 27, width = 1600, height = 1200
Printing chunk data from image...
<class 'PySpin.ImagePtr'>
	Exposure time: 11517.763137817383
	Timestamp: 364644505045
1674519058924869826
	 Error in Chunk and Sys: 1674516141768829466
	Width: 1600
Use the hardware to trigger image acquisition.
Grabbed Image 28, width = 1600, height = 1200
Printing chunk data from image...
<class 'PySpin.ImagePtr'>
	Exposure time: 11566.221714019775
	Timestamp: 364651946695
1674519058985492768
	 Error in Chunk and Sys: 1674516141769919208
	Width: 1600
Use the hardware to trigger image acquisition.
Grabbed Image 29, width = 1600, height = 1200
Printing chunk data from image...
<class 'PySpin.ImagePtr'>
	Exposure time: 12244.701385498047
	Timestamp: 364659495111
1674519059044590366
	 Error in Chunk and Sys: 1674516141768629478
	Width: 1600
Use the hardware to trigger image acquisition.
Grabbed Image 30, width = 1600, height = 1200
Printing chunk data from image...
<class 'PySpin.ImagePtr'>
	Exposure time: 12406.229972839355
	Timestamp: 364667122466
1674519059105133155
	 Error in Chunk and Sys: 1674516141768153427
	Width: 1600
Use the hardware to trigger image acquisition.
Grabbed Image 31, width = 1600, height = 1200
Printing chunk data from image...
<class 'PySpin.ImagePtr'>
	Exposure time: 11614.680290222168
	Timestamp: 364674685144
1674519059166330505
	 Error in Chunk and Sys: 1674516141768849353
	Width: 1600
Use the hardware to trigger image acquisition.
Grabbed Image 32, width = 1600, height = 1200
Printing chunk data from image...
<class 'PySpin.ImagePtr'>
	Exposure time: 11485.457420349121
	Timestamp: 364682128768
1674519059226567166
	 Error in Chunk and Sys: 1674516141769537022
	Width: 1600
Use the hardware to trigger image acquisition.
Grabbed Image 33, width = 1600, height = 1200
Printing chunk data from image...
<class 'PySpin.ImagePtr'>
	Exposure time: 12115.478515625
	Timestamp: 364689655354
1674519059286252903
	 Error in Chunk and Sys: 1674516141769010071
	Width: 1600
Use the hardware to trigger image acquisition.
Grabbed Image 34, width = 1600, height = 1200
Printing chunk data from image...
<class 'PySpin.ImagePtr'>
	Exposure time: 12438.535690307617
	Timestamp: 364697276092
1674519059347100157
	 Error in Chunk and Sys: 1674516141768891421
	Width: 1600
Use the hardware to trigger image acquisition.
Grabbed Image 35, width = 1600, height = 1200
Printing chunk data from image...
<class 'PySpin.ImagePtr'>
	Exposure time: 11711.597442626953
	Timestamp: 364704858398
1674519059416709335
	 Error in Chunk and Sys: 1674516141777842151
	Width: 1600
Use the hardware to trigger image acquisition.
Grabbed Image 36, width = 1600, height = 1200
Printing chunk data from image...
<class 'PySpin.ImagePtr'>
	Exposure time: 11420.845985412598
	Timestamp: 364712310551
1674519059468211157
	 Error in Chunk and Sys: 1674516141769726749
	Width: 1600
Use the hardware to trigger image acquisition.
Grabbed Image 37, width = 1600, height = 1200
Printing chunk data from image...
<class 'PySpin.ImagePtr'>
	Exposure time: 11856.97317123413
	Timestamp: 364719816304
1674519059527850263
	 Error in Chunk and Sys: 1674516141769319831
	Width: 1600
Use the hardware to trigger image acquisition.
Grabbed Image 38, width = 1600, height = 1200
Printing chunk data from image...
<class 'PySpin.ImagePtr'>
	Exposure time: 12454.688549041748
	Timestamp: 364727413426
1674519059587889125
	 Error in Chunk and Sys: 1674516141768581717
	Width: 1600
Use the hardware to trigger image acquisition.
Grabbed Image 39, width = 1600, height = 1200
Printing chunk data from image...
<class 'PySpin.ImagePtr'>
	Exposure time: 11905.431747436523
	Timestamp: 364735030507
1674519059653818458
	 Error in Chunk and Sys: 1674516141773574402
	Width: 1600
Use the hardware to trigger image acquisition.
Grabbed Image 40, width = 1600, height = 1200
Printing chunk data from image...
<class 'PySpin.ImagePtr'>
	Exposure time: 11340.081691741943
	Timestamp: 364742504801
1674519059709648554
	 Error in Chunk and Sys: 1674516141769610146
	Width: 1600
Use the hardware to trigger image acquisition.
Grabbed Image 41, width = 1600, height = 1200
Printing chunk data from image...
<class 'PySpin.ImagePtr'>
	Exposure time: 11905.431747436523
	Timestamp: 364749977411
1674519059769785698
	 Error in Chunk and Sys: 1674516141769966410
	Width: 1600
Use the hardware to trigger image acquisition.
Grabbed Image 42, width = 1600, height = 1200
Printing chunk data from image...
<class 'PySpin.ImagePtr'>
	Exposure time: 12519.299983978271
	Timestamp: 364757590835
1674519059829231158
	 Error in Chunk and Sys: 1674516141768504478
	Width: 1600
Use the hardware to trigger image acquisition.
Grabbed Image 43, width = 1600, height = 1200
Printing chunk data from image...
<class 'PySpin.ImagePtr'>
	Exposure time: 11921.584606170654
	Timestamp: 364765210271
1674519059890512520
	 Error in Chunk and Sys: 1674516141768830352
	Width: 1600
Use the hardware to trigger image acquisition.
Grabbed Image 44, width = 1600, height = 1200
Printing chunk data from image...
<class 'PySpin.ImagePtr'>
	Exposure time: 11356.234550476074
	Timestamp: 364772679204
1674519059950768079
	 Error in Chunk and Sys: 1674516141769334447
	Width: 1600
Use the hardware to trigger image acquisition.
Grabbed Image 45, width = 1600, height = 1200
Printing chunk data from image...
<class 'PySpin.ImagePtr'>
	Exposure time: 11711.597442626953
	Timestamp: 364780152252
1674519060010688745
	 Error in Chunk and Sys: 1674516141769470729
	Width: 1600
Use the hardware to trigger image acquisition.
Grabbed Image 46, width = 1600, height = 1200
Printing chunk data from image...
<class 'PySpin.ImagePtr'>
	Exposure time: 12341.618537902832
	Timestamp: 364787740183
1674519060070301536
	 Error in Chunk and Sys: 1674516141768380072
	Width: 1600
Use the hardware to trigger image acquisition.
Grabbed Image 47, width = 1600, height = 1200
Printing chunk data from image...
<class 'PySpin.ImagePtr'>
	Exposure time: 12196.242809295654
	Timestamp: 364795362518
1674519060131068111
	 Error in Chunk and Sys: 1674516141768167967
	Width: 1600
Use the hardware to trigger image acquisition.
Grabbed Image 48, width = 1600, height = 1200
Printing chunk data from image...
<class 'PySpin.ImagePtr'>
	Exposure time: 11453.15170288086
	Timestamp: 364802888010
1674519060192283143
	 Error in Chunk and Sys: 1674516141769179063
	Width: 1600
Use the hardware to trigger image acquisition.
Grabbed Image 49, width = 1600, height = 1200
Printing chunk data from image...
<class 'PySpin.ImagePtr'>
	Exposure time: 11630.833148956299
	Timestamp: 364810339833
1674519060252310544
	 Error in Chunk and Sys: 1674516141769591880
	Width: 1600
Disabling entries...
	 CRC: disabled
	 FrameCounter: disabled
	 OffsetX: disabled
	 OffsetY: disabled
	 Width: disabled
	 Height: disabled
	 ExposureTime: disabled
	 Gain: disabled
	 BlackLevel: disabled
	 PixelFormat: disabled
	 DynamicPixelRangeMin: disabled
	 DynamicPixelRangeMax: disabled
	 Timestamp: disabled
Chunk mode deactivated...
Trigger mode disabled...
Camera example complete... 

