$ python3 HardTriggerChunk.py 

Library version: 3.0.0.118
Number of cameras detected: 1
Running example for camera 0...
*** DEVICE INFORMATION ***

DeviceID: 00B09D0B7632_C1A8C865_FFFFFF00_C1A8C801
DeviceSerialNumber: 17528370
DeviceUserID: 
DeviceVendorName: Point Grey Research
DeviceModelName: Blackfly BFLY-PGE-20E4C
DeviceVersion: FW:v1.43.3.01 FPGA:v2.02
DeviceBootloaderVersion: Node not readable
DeviceType: GigEVision
DeviceDisplayName: Point Grey Research
DeviceAccessStatus: OpenReadOnly
DeviceLinkSpeed: 1000
DeviceDriverVersion: none : 0.0.0.0
DeviceIsUpdater: 0
GenICamXMLLocation: Device
GenICamXMLPath: 
GUIXMLLocation: Device
GUIXMLPath: Input.xml
GevCCP: OpenAccess
GevDeviceMACAddress: 0xb09d0b7632
GevDeviceIPAddress: 0xc1a8c865
GevDeviceSubnetMask: 0xffffff00
GevDeviceGateway: 0xc1a8c801
GevVersionMajor: 1
GevVersionMinor: 2
GevDeviceModeIsBigEndian: 0
GevDeviceReadAndWriteTimeout: 100000
GevDeviceMaximumRetryCount: 3
GevDevicePort: 0
GevDeviceDiscoverMaximumPacketSize: Node not readable
GevDeviceMaximumPacketSize: 576
GevDeviceIsWrongSubnet: 0
GevDeviceAutoForceIP: 0
GevDeviceForceIP: 0
GevDeviceForceIPAddress: 0
GevDeviceForceSubnetMask: 0
GevDeviceForceGateway: 0
*** CONFIGURING TRIGGER ***

Note that if the application / user software triggers faster than frame time, the trigger may be dropped / skipped by the camera.

If several frames are needed per trigger, a more reliable alternative for such case, is to use the multi-frame mode.


Hardware trigger chose ...
Trigger mode disabled...
Trigger selector set to frame start...
Trigger source set to hardware...
Trigger mode turned back on...

*** CONFIGURING CHUNK DATA ***

Chunk mode activated...
Enabling entries...
	 CRC: enabled
	 FrameCounter: enabled
	 OffsetX: enabled
	 OffsetY: enabled
	 Width: enabled
	 Height: enabled
	 ExposureTime: enabled
	 Gain: enabled
	 BlackLevel: enabled
	 PixelFormat: enabled
	 DynamicPixelRangeMin: enabled
	 DynamicPixelRangeMax: enabled
	 Timestamp: enabled
*** IMAGE ACQUISITION ***

Acquisition mode set to continuous...
Acquiring images...
Device serial number retrieved as 17528370...
Use the hardware to trigger image acquisition.
Grabbed Image 0, width = 1600, height = 1200
Image saved at Trigger-17528370-0.jpg

Printing chunk data from image...
<class 'PySpin.ImagePtr'>
	Exposure time: 36831.021308898926
	Frame ID: 1
	Gain: 0.0
	Height: 1200
	Offset X: 0
	Offset Y: 0
	Sequencer set active: 0
	Timestamp: 131891794677
	Width: 1600
Use the hardware to trigger image acquisition.
Grabbed Image 1, width = 1600, height = 1200
Image saved at Trigger-17528370-1.jpg

Printing chunk data from image...
<class 'PySpin.ImagePtr'>
	Exposure time: 34407.91368484497
	Frame ID: 2
	Gain: 0.0
	Height: 1200
	Offset X: 0
	Offset Y: 0
	Sequencer set active: 0
	Timestamp: 131904370879
	Width: 1600
Use the hardware to trigger image acquisition.
Grabbed Image 2, width = 1600, height = 1200
Image saved at Trigger-17528370-2.jpg

Printing chunk data from image...
<class 'PySpin.ImagePtr'>
	Exposure time: 33923.327922821045
	Frame ID: 3
	Gain: 0.0
	Height: 1200
	Offset X: 0
	Offset Y: 0
	Sequencer set active: 0
	Timestamp: 131916644358
	Width: 1600
Use the hardware to trigger image acquisition.
Grabbed Image 3, width = 1600, height = 1200
Image saved at Trigger-17528370-3.jpg

Printing chunk data from image...
<class 'PySpin.ImagePtr'>
	Exposure time: 34537.13655471802
	Frame ID: 4
	Gain: 0.0
	Height: 1200
	Offset X: 0
	Offset Y: 0
	Sequencer set active: 0
	Timestamp: 131929159118
	Width: 1600
Use the hardware to trigger image acquisition.
Grabbed Image 4, width = 1600, height = 1200
Image saved at Trigger-17528370-4.jpg

Printing chunk data from image...
<class 'PySpin.ImagePtr'>
	Exposure time: 34278.690814971924
	Frame ID: 5
	Gain: 0.0
	Height: 1200
	Offset X: 0
	Offset Y: 0
	Sequencer set active: 0
	Timestamp: 131941811467
	Width: 1600
Use the hardware to trigger image acquisition.
Grabbed Image 5, width = 1600, height = 1200
Image saved at Trigger-17528370-5.jpg

Printing chunk data from image...
<class 'PySpin.ImagePtr'>
	Exposure time: 34246.38509750366
	Frame ID: 6
	Gain: 0.0
	Height: 1200
	Offset X: 0
	Offset Y: 0
	Sequencer set active: 0
	Timestamp: 131954355493
	Width: 1600
Use the hardware to trigger image acquisition.
Grabbed Image 6, width = 1600, height = 1200
Image saved at Trigger-17528370-6.jpg

Printing chunk data from image...
<class 'PySpin.ImagePtr'>
	Exposure time: 34343.30224990845
	Frame ID: 7
	Gain: 0.0
	Height: 1200
	Offset X: 0
	Offset Y: 0
	Sequencer set active: 0
	Timestamp: 131966926605
	Width: 1600
Use the hardware to trigger image acquisition.
Grabbed Image 7, width = 1600, height = 1200
Image saved at Trigger-17528370-7.jpg

Printing chunk data from image...
<class 'PySpin.ImagePtr'>
	Exposure time: 34278.690814971924
	Frame ID: 8
	Gain: 0.0
	Height: 1200
	Offset X: 0
	Offset Y: 0
	Sequencer set active: 0
	Timestamp: 131979515009
	Width: 1600
Use the hardware to trigger image acquisition.
Grabbed Image 8, width = 1600, height = 1200
Image saved at Trigger-17528370-8.jpg

Printing chunk data from image...
<class 'PySpin.ImagePtr'>
	Exposure time: 34278.690814971924
	Frame ID: 9
	Gain: 0.0
	Height: 1200
	Offset X: 0
	Offset Y: 0
	Sequencer set active: 0
	Timestamp: 131992082031
	Width: 1600
Use the hardware to trigger image acquisition.
Grabbed Image 9, width = 1600, height = 1200
Image saved at Trigger-17528370-9.jpg

Printing chunk data from image...
<class 'PySpin.ImagePtr'>
	Exposure time: 34310.996532440186
	Frame ID: 10
	Gain: 0.0
	Height: 1200
	Offset X: 0
	Offset Y: 0
	Sequencer set active: 0
	Timestamp: 132004657109
	Width: 1600
Use the hardware to trigger image acquisition.
Grabbed Image 10, width = 1600, height = 1200
Image saved at Trigger-17528370-10.jpg

Printing chunk data from image...
<class 'PySpin.ImagePtr'>
	Exposure time: 34278.690814971924
	Frame ID: 11
	Gain: 0.0
	Height: 1200
	Offset X: 0
	Offset Y: 0
	Sequencer set active: 0
	Timestamp: 132017236302
	Width: 1600
Use the hardware to trigger image acquisition.
Grabbed Image 11, width = 1600, height = 1200
Image saved at Trigger-17528370-11.jpg

Printing chunk data from image...
<class 'PySpin.ImagePtr'>
	Exposure time: 34278.690814971924
	Frame ID: 12
	Gain: 0.0
	Height: 1200
	Offset X: 0
	Offset Y: 0
	Sequencer set active: 0
	Timestamp: 132029807332
	Width: 1600
Use the hardware to trigger image acquisition.
Grabbed Image 12, width = 1600, height = 1200
Image saved at Trigger-17528370-12.jpg

Printing chunk data from image...
<class 'PySpin.ImagePtr'>
	Exposure time: 34278.690814971924
	Frame ID: 13
	Gain: 0.0
	Height: 1200
	Offset X: 0
	Offset Y: 0
	Sequencer set active: 0
	Timestamp: 132042383285
	Width: 1600
Use the hardware to trigger image acquisition.
Grabbed Image 13, width = 1600, height = 1200
Image saved at Trigger-17528370-13.jpg

Printing chunk data from image...
<class 'PySpin.ImagePtr'>
	Exposure time: 34278.690814971924
	Frame ID: 14
	Gain: 0.0
	Height: 1200
	Offset X: 0
	Offset Y: 0
	Sequencer set active: 0
	Timestamp: 132054959421
	Width: 1600
Use the hardware to trigger image acquisition.
Grabbed Image 14, width = 1600, height = 1200
Image saved at Trigger-17528370-14.jpg

Printing chunk data from image...
<class 'PySpin.ImagePtr'>
	Exposure time: 34278.690814971924
	Frame ID: 15
	Gain: 0.0
	Height: 1200
	Offset X: 0
	Offset Y: 0
	Sequencer set active: 0
	Timestamp: 132067536051
	Width: 1600
Use the hardware to trigger image acquisition.
Grabbed Image 15, width = 1600, height = 1200
Image saved at Trigger-17528370-15.jpg

Printing chunk data from image...
<class 'PySpin.ImagePtr'>
	Exposure time: 34278.690814971924
	Frame ID: 16
	Gain: 0.0
	Height: 1200
	Offset X: 0
	Offset Y: 0
	Sequencer set active: 0
	Timestamp: 132080112141
	Width: 1600
Use the hardware to trigger image acquisition.
Grabbed Image 16, width = 1600, height = 1200
Image saved at Trigger-17528370-16.jpg

Printing chunk data from image...
<class 'PySpin.ImagePtr'>
	Exposure time: 34278.690814971924
	Frame ID: 17
	Gain: 0.0
	Height: 1200
	Offset X: 0
	Offset Y: 0
	Sequencer set active: 0
	Timestamp: 132092688903
	Width: 1600
Use the hardware to trigger image acquisition.
Grabbed Image 17, width = 1600, height = 1200
Image saved at Trigger-17528370-17.jpg

Printing chunk data from image...
<class 'PySpin.ImagePtr'>
	Exposure time: 34278.690814971924
	Frame ID: 18
	Gain: 0.0
	Height: 1200
	Offset X: 0
	Offset Y: 0
	Sequencer set active: 0
	Timestamp: 132105264917
	Width: 1600
Use the hardware to trigger image acquisition.
Grabbed Image 18, width = 1600, height = 1200
Image saved at Trigger-17528370-18.jpg

Printing chunk data from image...
<class 'PySpin.ImagePtr'>
	Exposure time: 34278.690814971924
	Frame ID: 19
	Gain: 0.0
	Height: 1200
	Offset X: 0
	Offset Y: 0
	Sequencer set active: 0
	Timestamp: 132117840850
	Width: 1600
Use the hardware to trigger image acquisition.
Grabbed Image 19, width = 1600, height = 1200
Image saved at Trigger-17528370-19.jpg

Printing chunk data from image...
<class 'PySpin.ImagePtr'>
	Exposure time: 34278.690814971924
	Frame ID: 20
	Gain: 0.0
	Height: 1200
	Offset X: 0
	Offset Y: 0
	Sequencer set active: 0
	Timestamp: 132130418146
	Width: 1600
Disabling entries...
	 CRC: disabled
	 FrameCounter: disabled
	 OffsetX: disabled
	 OffsetY: disabled
	 Width: disabled
	 Height: disabled
	 ExposureTime: disabled
	 Gain: disabled
	 BlackLevel: disabled
	 PixelFormat: disabled
	 DynamicPixelRangeMin: disabled
	 DynamicPixelRangeMax: disabled
	 Timestamp: disabled
Chunk mode deactivated...
Trigger mode disabled...
Camera 0 example complete... 

Done! Press Enter to exit...
