Performing C SOURCE FILE Test CMAKE_HAVE_LIBC_PTHREAD failed with the following output:
Change Dir: /home/golfcart2/CamSync/external_hard_trigger/BEVHardware/src/flir_camera_driver/spinnaker_camera_driver/build/CMakeFiles/CMakeTmp

Run Build Command(s):/usr/bin/make cmTC_df4f0/fast && /usr/bin/make -f CMakeFiles/cmTC_df4f0.dir/build.make CMakeFiles/cmTC_df4f0.dir/build
make[1]: Entering directory '/home/golfcart2/CamSync/external_hard_trigger/BEVHardware/src/flir_camera_driver/spinnaker_camera_driver/build/CMakeFiles/CMakeTmp'
Building C object CMakeFiles/cmTC_df4f0.dir/src.c.o
/usr/bin/gcc   -DCMAKE_HAVE_LIBC_PTHREAD   -o CMakeFiles/cmTC_df4f0.dir/src.c.o   -c /home/golfcart2/CamSync/external_hard_trigger/BEVHardware/src/flir_camera_driver/spinnaker_camera_driver/build/CMakeFiles/CMakeTmp/src.c
Linking C executable cmTC_df4f0
/usr/bin/cmake -E cmake_link_script CMakeFiles/cmTC_df4f0.dir/link.txt --verbose=1
/usr/bin/gcc  -DCMAKE_HAVE_LIBC_PTHREAD    -rdynamic CMakeFiles/cmTC_df4f0.dir/src.c.o  -o cmTC_df4f0 
/usr/bin/ld: CMakeFiles/cmTC_df4f0.dir/src.c.o: in function `main':
src.c:(.text+0x46): undefined reference to `pthread_create'
/usr/bin/ld: src.c:(.text+0x52): undefined reference to `pthread_detach'
/usr/bin/ld: src.c:(.text+0x63): undefined reference to `pthread_join'
collect2: error: ld returned 1 exit status
make[1]: *** [CMakeFiles/cmTC_df4f0.dir/build.make:87: cmTC_df4f0] Error 1
make[1]: Leaving directory '/home/golfcart2/CamSync/external_hard_trigger/BEVHardware/src/flir_camera_driver/spinnaker_camera_driver/build/CMakeFiles/CMakeTmp'
make: *** [Makefile:121: cmTC_df4f0/fast] Error 2


Source file was:
#include <pthread.h>

void* test_func(void* data)
{
  return data;
}

int main(void)
{
  pthread_t thread;
  pthread_create(&thread, NULL, test_func, NULL);
  pthread_detach(thread);
  pthread_join(thread, NULL);
  pthread_atfork(NULL, NULL, NULL);
  pthread_exit(NULL);

  return 0;
}

Determining if the function pthread_create exists in the pthreads failed with the following output:
Change Dir: /home/golfcart2/CamSync/external_hard_trigger/BEVHardware/src/flir_camera_driver/spinnaker_camera_driver/build/CMakeFiles/CMakeTmp

Run Build Command(s):/usr/bin/make cmTC_c527e/fast && /usr/bin/make -f CMakeFiles/cmTC_c527e.dir/build.make CMakeFiles/cmTC_c527e.dir/build
make[1]: Entering directory '/home/golfcart2/CamSync/external_hard_trigger/BEVHardware/src/flir_camera_driver/spinnaker_camera_driver/build/CMakeFiles/CMakeTmp'
Building C object CMakeFiles/cmTC_c527e.dir/CheckFunctionExists.c.o
/usr/bin/gcc   -DCHECK_FUNCTION_EXISTS=pthread_create   -o CMakeFiles/cmTC_c527e.dir/CheckFunctionExists.c.o   -c /usr/share/cmake-3.16/Modules/CheckFunctionExists.c
Linking C executable cmTC_c527e
/usr/bin/cmake -E cmake_link_script CMakeFiles/cmTC_c527e.dir/link.txt --verbose=1
/usr/bin/gcc  -DCHECK_FUNCTION_EXISTS=pthread_create    -rdynamic CMakeFiles/cmTC_c527e.dir/CheckFunctionExists.c.o  -o cmTC_c527e  -lpthreads 
/usr/bin/ld: cannot find -lpthreads
collect2: error: ld returned 1 exit status
make[1]: *** [CMakeFiles/cmTC_c527e.dir/build.make:87: cmTC_c527e] Error 1
make[1]: Leaving directory '/home/golfcart2/CamSync/external_hard_trigger/BEVHardware/src/flir_camera_driver/spinnaker_camera_driver/build/CMakeFiles/CMakeTmp'
make: *** [Makefile:121: cmTC_c527e/fast] Error 2



